{"/home/wilgner/Área de Trabalho/Ignite/NodeJS/Capitulo 4/Desafio 01/ignite-desafio-principal-chapter-4/src/modules/statements/entities/Statement.ts": {"path":"/home/wilgner/Área de Trabalho/Ignite/NodeJS/Capitulo 4/Desafio 01/ignite-desafio-principal-chapter-4/src/modules/statements/entities/Statement.ts","all":false,"statementMap":{"0":{"start":{"line":1,"column":0},"end":{"line":1,"column":8}},"1":{"start":{"line":2,"column":0},"end":{"line":2,"column":9}},"2":{"start":{"line":3,"column":0},"end":{"line":3,"column":19}},"3":{"start":{"line":4,"column":0},"end":{"line":4,"column":9}},"4":{"start":{"line":5,"column":0},"end":{"line":5,"column":13}},"5":{"start":{"line":6,"column":0},"end":{"line":6,"column":12}},"6":{"start":{"line":7,"column":0},"end":{"line":7,"column":24}},"7":{"start":{"line":8,"column":0},"end":{"line":8,"column":17}},"8":{"start":{"line":9,"column":0},"end":{"line":9,"column":34}},"9":{"start":{"line":10,"column":0},"end":{"line":10,"column":0}},"10":{"start":{"line":11,"column":0},"end":{"line":11,"column":49}},"11":{"start":{"line":12,"column":0},"end":{"line":12,"column":0}},"12":{"start":{"line":13,"column":0},"end":{"line":13,"column":20}},"13":{"start":{"line":14,"column":0},"end":{"line":14,"column":22}},"14":{"start":{"line":15,"column":0},"end":{"line":15,"column":24}},"15":{"start":{"line":16,"column":0},"end":{"line":16,"column":1}},"16":{"start":{"line":17,"column":0},"end":{"line":17,"column":0}},"17":{"start":{"line":18,"column":0},"end":{"line":18,"column":21}},"18":{"start":{"line":19,"column":0},"end":{"line":19,"column":24}},"19":{"start":{"line":20,"column":0},"end":{"line":20,"column":33}},"20":{"start":{"line":21,"column":0},"end":{"line":21,"column":14}},"21":{"start":{"line":22,"column":0},"end":{"line":22,"column":0}},"22":{"start":{"line":23,"column":0},"end":{"line":23,"column":17}},"23":{"start":{"line":24,"column":0},"end":{"line":24,"column":18}},"24":{"start":{"line":25,"column":0},"end":{"line":25,"column":0}},"25":{"start":{"line":26,"column":0},"end":{"line":26,"column":48}},"26":{"start":{"line":27,"column":0},"end":{"line":27,"column":34}},"27":{"start":{"line":28,"column":0},"end":{"line":28,"column":13}},"28":{"start":{"line":29,"column":0},"end":{"line":29,"column":0}},"29":{"start":{"line":30,"column":0},"end":{"line":30,"column":11}},"30":{"start":{"line":31,"column":0},"end":{"line":31,"column":22}},"31":{"start":{"line":32,"column":0},"end":{"line":32,"column":0}},"32":{"start":{"line":33,"column":0},"end":{"line":33,"column":48}},"33":{"start":{"line":34,"column":0},"end":{"line":34,"column":17}},"34":{"start":{"line":35,"column":0},"end":{"line":35,"column":0}},"35":{"start":{"line":36,"column":0},"end":{"line":36,"column":48}},"36":{"start":{"line":37,"column":0},"end":{"line":37,"column":22}},"37":{"start":{"line":38,"column":0},"end":{"line":38,"column":0}},"38":{"start":{"line":39,"column":0},"end":{"line":39,"column":21}},"39":{"start":{"line":40,"column":0},"end":{"line":40,"column":19}},"40":{"start":{"line":41,"column":0},"end":{"line":41,"column":0}},"41":{"start":{"line":42,"column":0},"end":{"line":42,"column":21}},"42":{"start":{"line":43,"column":0},"end":{"line":43,"column":19}},"43":{"start":{"line":44,"column":0},"end":{"line":44,"column":0}},"44":{"start":{"line":45,"column":0},"end":{"line":45,"column":17}},"45":{"start":{"line":46,"column":0},"end":{"line":46,"column":19}},"46":{"start":{"line":47,"column":0},"end":{"line":47,"column":23}},"47":{"start":{"line":48,"column":0},"end":{"line":48,"column":5}},"48":{"start":{"line":49,"column":0},"end":{"line":49,"column":3}},"49":{"start":{"line":50,"column":0},"end":{"line":50,"column":1}}},"s":{"0":1,"1":1,"2":1,"3":1,"4":1,"5":1,"6":1,"7":1,"8":1,"9":1,"10":1,"11":1,"12":3,"13":3,"14":3,"15":3,"16":1,"17":1,"18":3,"19":3,"20":3,"21":3,"22":3,"23":3,"24":3,"25":3,"26":3,"27":3,"28":3,"29":3,"30":3,"31":3,"32":3,"33":3,"34":3,"35":3,"36":3,"37":3,"38":3,"39":3,"40":3,"41":3,"42":3,"43":3,"44":3,"45":4,"46":4,"47":4,"48":4,"49":3},"branchMap":{"0":{"type":"branch","line":13,"loc":{"start":{"line":13,"column":0},"end":{"line":16,"column":1}},"locations":[{"start":{"line":13,"column":0},"end":{"line":16,"column":1}}]},"1":{"type":"branch","line":19,"loc":{"start":{"line":19,"column":0},"end":{"line":50,"column":1}},"locations":[{"start":{"line":19,"column":0},"end":{"line":50,"column":1}}]},"2":{"type":"branch","line":45,"loc":{"start":{"line":45,"column":2},"end":{"line":49,"column":3}},"locations":[{"start":{"line":45,"column":2},"end":{"line":49,"column":3}}]}},"b":{"0":[3],"1":[3],"2":[4]},"fnMap":{"0":{"name":"Statement","decl":{"start":{"line":45,"column":2},"end":{"line":49,"column":3}},"loc":{"start":{"line":45,"column":2},"end":{"line":49,"column":3}},"line":45},"1":{"name":"Object.<anonymous>.typeorm_1.JoinColumn.name","decl":{"start":{"line":26,"column":13},"end":{"line":26,"column":23}},"loc":{"start":{"line":26,"column":13},"end":{"line":26,"column":23}},"line":26}},"f":{"0":4,"1":0}}
,"/home/wilgner/Área de Trabalho/Ignite/NodeJS/Capitulo 4/Desafio 01/ignite-desafio-principal-chapter-4/src/modules/statements/repositories/in-memory/InMemoryStatementsRepository.ts": {"path":"/home/wilgner/Área de Trabalho/Ignite/NodeJS/Capitulo 4/Desafio 01/ignite-desafio-principal-chapter-4/src/modules/statements/repositories/in-memory/InMemoryStatementsRepository.ts","all":false,"statementMap":{"0":{"start":{"line":1,"column":0},"end":{"line":1,"column":53}},"1":{"start":{"line":2,"column":0},"end":{"line":2,"column":89}},"2":{"start":{"line":3,"column":0},"end":{"line":3,"column":74}},"3":{"start":{"line":4,"column":0},"end":{"line":4,"column":107}},"4":{"start":{"line":5,"column":0},"end":{"line":5,"column":65}},"5":{"start":{"line":6,"column":0},"end":{"line":6,"column":0}},"6":{"start":{"line":7,"column":0},"end":{"line":7,"column":76}},"7":{"start":{"line":8,"column":0},"end":{"line":8,"column":39}},"8":{"start":{"line":9,"column":0},"end":{"line":9,"column":0}},"9":{"start":{"line":10,"column":0},"end":{"line":10,"column":63}},"10":{"start":{"line":11,"column":0},"end":{"line":11,"column":38}},"11":{"start":{"line":12,"column":0},"end":{"line":12,"column":0}},"12":{"start":{"line":13,"column":0},"end":{"line":13,"column":35}},"13":{"start":{"line":14,"column":0},"end":{"line":14,"column":0}},"14":{"start":{"line":15,"column":0},"end":{"line":15,"column":36}},"15":{"start":{"line":16,"column":0},"end":{"line":16,"column":0}},"16":{"start":{"line":17,"column":0},"end":{"line":17,"column":21}},"17":{"start":{"line":18,"column":0},"end":{"line":18,"column":3}},"18":{"start":{"line":19,"column":0},"end":{"line":19,"column":0}},"19":{"start":{"line":20,"column":0},"end":{"line":20,"column":118}},"20":{"start":{"line":21,"column":0},"end":{"line":21,"column":46}},"21":{"start":{"line":22,"column":0},"end":{"line":22,"column":38}},"22":{"start":{"line":23,"column":0},"end":{"line":23,"column":35}},"23":{"start":{"line":24,"column":0},"end":{"line":24,"column":7}},"24":{"start":{"line":25,"column":0},"end":{"line":25,"column":3}},"25":{"start":{"line":26,"column":0},"end":{"line":26,"column":0}},"26":{"start":{"line":27,"column":0},"end":{"line":27,"column":76}},"27":{"start":{"line":28,"column":0},"end":{"line":28,"column":12}},"28":{"start":{"line":29,"column":0},"end":{"line":29,"column":71}},"29":{"start":{"line":30,"column":0},"end":{"line":30,"column":5}},"30":{"start":{"line":31,"column":0},"end":{"line":31,"column":3}},"31":{"start":{"line":32,"column":0},"end":{"line":32,"column":89}},"32":{"start":{"line":33,"column":0},"end":{"line":33,"column":0}},"33":{"start":{"line":34,"column":0},"end":{"line":34,"column":58}},"34":{"start":{"line":35,"column":0},"end":{"line":35,"column":41}},"35":{"start":{"line":36,"column":0},"end":{"line":36,"column":38}},"36":{"start":{"line":37,"column":0},"end":{"line":37,"column":14}},"37":{"start":{"line":38,"column":0},"end":{"line":38,"column":38}},"38":{"start":{"line":39,"column":0},"end":{"line":39,"column":7}},"39":{"start":{"line":40,"column":0},"end":{"line":40,"column":9}},"40":{"start":{"line":41,"column":0},"end":{"line":41,"column":0}},"41":{"start":{"line":42,"column":0},"end":{"line":42,"column":25}},"42":{"start":{"line":43,"column":0},"end":{"line":43,"column":14}},"43":{"start":{"line":44,"column":0},"end":{"line":44,"column":18}},"44":{"start":{"line":45,"column":0},"end":{"line":45,"column":15}},"45":{"start":{"line":46,"column":0},"end":{"line":46,"column":7}},"46":{"start":{"line":47,"column":0},"end":{"line":47,"column":5}},"47":{"start":{"line":48,"column":0},"end":{"line":48,"column":0}},"48":{"start":{"line":49,"column":0},"end":{"line":49,"column":22}},"49":{"start":{"line":50,"column":0},"end":{"line":50,"column":3}},"50":{"start":{"line":51,"column":0},"end":{"line":51,"column":1}}},"s":{"0":1,"1":1,"2":1,"3":1,"4":1,"5":1,"6":9,"7":9,"8":9,"9":9,"10":4,"11":4,"12":4,"13":4,"14":4,"15":4,"16":4,"17":4,"18":9,"19":9,"20":2,"21":2,"22":2,"23":2,"24":2,"25":9,"26":9,"27":3,"28":3,"29":3,"30":3,"31":3,"32":3,"33":3,"34":1,"35":1,"36":1,"37":0,"38":0,"39":3,"40":3,"41":3,"42":1,"43":1,"44":1,"45":1,"46":1,"47":3,"48":3,"49":3,"50":9},"branchMap":{"0":{"type":"branch","line":7,"loc":{"start":{"line":7,"column":0},"end":{"line":51,"column":1}},"locations":[{"start":{"line":7,"column":0},"end":{"line":51,"column":1}}]},"1":{"type":"branch","line":7,"loc":{"start":{"line":7,"column":0},"end":{"line":51,"column":1}},"locations":[{"start":{"line":7,"column":0},"end":{"line":51,"column":1}}]},"2":{"type":"branch","line":10,"loc":{"start":{"line":10,"column":2},"end":{"line":18,"column":3}},"locations":[{"start":{"line":10,"column":2},"end":{"line":18,"column":3}}]},"3":{"type":"branch","line":20,"loc":{"start":{"line":20,"column":2},"end":{"line":25,"column":3}},"locations":[{"start":{"line":20,"column":2},"end":{"line":25,"column":3}}]},"4":{"type":"branch","line":21,"loc":{"start":{"line":21,"column":32},"end":{"line":21,"column":46}},"locations":[{"start":{"line":21,"column":32},"end":{"line":21,"column":46}}]},"5":{"type":"branch","line":27,"loc":{"start":{"line":27,"column":2},"end":{"line":50,"column":3}},"locations":[{"start":{"line":27,"column":2},"end":{"line":50,"column":3}}]},"6":{"type":"branch","line":27,"loc":{"start":{"line":27,"column":48},"end":{"line":27,"column":56}},"locations":[{"start":{"line":27,"column":48},"end":{"line":27,"column":56}}]},"7":{"type":"branch","line":27,"loc":{"start":{"line":27,"column":56},"end":{"line":27,"column":74}},"locations":[{"start":{"line":27,"column":56},"end":{"line":27,"column":74}}]},"8":{"type":"branch","line":42,"loc":{"start":{"line":42,"column":24},"end":{"line":47,"column":5}},"locations":[{"start":{"line":42,"column":24},"end":{"line":47,"column":5}}]},"9":{"type":"branch","line":32,"loc":{"start":{"line":32,"column":45},"end":{"line":32,"column":67}},"locations":[{"start":{"line":32,"column":45},"end":{"line":32,"column":67}}]},"10":{"type":"branch","line":34,"loc":{"start":{"line":34,"column":37},"end":{"line":40,"column":5}},"locations":[{"start":{"line":34,"column":37},"end":{"line":40,"column":5}}]},"11":{"type":"branch","line":37,"loc":{"start":{"line":37,"column":7},"end":{"line":39,"column":7}},"locations":[{"start":{"line":37,"column":7},"end":{"line":39,"column":7}}]}},"b":{"0":[3],"1":[9],"2":[4],"3":[2],"4":[1],"5":[3],"6":[2],"7":[1],"8":[1],"9":[1],"10":[1],"11":[0]},"fnMap":{"0":{"name":"InMemoryStatementsRepository","decl":{"start":{"line":7,"column":0},"end":{"line":51,"column":1}},"loc":{"start":{"line":7,"column":0},"end":{"line":51,"column":1}},"line":7},"1":{"name":"Object.<anonymous>.InMemoryStatementsRepository.create","decl":{"start":{"line":10,"column":2},"end":{"line":18,"column":3}},"loc":{"start":{"line":10,"column":2},"end":{"line":18,"column":3}},"line":10},"2":{"name":"Object.<anonymous>.InMemoryStatementsRepository.findStatementOperation","decl":{"start":{"line":20,"column":2},"end":{"line":25,"column":3}},"loc":{"start":{"line":20,"column":2},"end":{"line":25,"column":3}},"line":20},"3":{"name":"Object.<anonymous>.InMemoryStatementsRepository.getUserBalance","decl":{"start":{"line":27,"column":2},"end":{"line":50,"column":3}},"loc":{"start":{"line":27,"column":2},"end":{"line":50,"column":3}},"line":27}},"f":{"0":9,"1":4,"2":2,"3":3}}
,"/home/wilgner/Área de Trabalho/Ignite/NodeJS/Capitulo 4/Desafio 01/ignite-desafio-principal-chapter-4/src/modules/statements/useCases/createStatement/CreateStatementError.ts": {"path":"/home/wilgner/Área de Trabalho/Ignite/NodeJS/Capitulo 4/Desafio 01/ignite-desafio-principal-chapter-4/src/modules/statements/useCases/createStatement/CreateStatementError.ts","all":false,"statementMap":{"0":{"start":{"line":1,"column":0},"end":{"line":1,"column":62}},"1":{"start":{"line":2,"column":0},"end":{"line":2,"column":0}},"2":{"start":{"line":3,"column":0},"end":{"line":3,"column":39}},"3":{"start":{"line":4,"column":0},"end":{"line":4,"column":46}},"4":{"start":{"line":5,"column":0},"end":{"line":5,"column":19}},"5":{"start":{"line":6,"column":0},"end":{"line":6,"column":35}},"6":{"start":{"line":7,"column":0},"end":{"line":7,"column":5}},"7":{"start":{"line":8,"column":0},"end":{"line":8,"column":3}},"8":{"start":{"line":9,"column":0},"end":{"line":9,"column":0}},"9":{"start":{"line":10,"column":0},"end":{"line":10,"column":51}},"10":{"start":{"line":11,"column":0},"end":{"line":11,"column":19}},"11":{"start":{"line":12,"column":0},"end":{"line":12,"column":39}},"12":{"start":{"line":13,"column":0},"end":{"line":13,"column":5}},"13":{"start":{"line":14,"column":0},"end":{"line":14,"column":3}},"14":{"start":{"line":15,"column":0},"end":{"line":15,"column":1}}},"s":{"0":1,"1":1,"2":2,"3":2,"4":2,"5":1,"6":1,"7":2,"8":2,"9":2,"10":2,"11":1,"12":1,"13":2,"14":2},"branchMap":{"0":{"type":"branch","line":3,"loc":{"start":{"line":3,"column":0},"end":{"line":15,"column":1}},"locations":[{"start":{"line":3,"column":0},"end":{"line":15,"column":1}}]},"1":{"type":"branch","line":4,"loc":{"start":{"line":4,"column":2},"end":{"line":8,"column":3}},"locations":[{"start":{"line":4,"column":2},"end":{"line":8,"column":3}}]},"2":{"type":"branch","line":5,"loc":{"start":{"line":5,"column":4},"end":{"line":7,"column":5}},"locations":[{"start":{"line":5,"column":4},"end":{"line":7,"column":5}}]},"3":{"type":"branch","line":10,"loc":{"start":{"line":10,"column":2},"end":{"line":14,"column":3}},"locations":[{"start":{"line":10,"column":2},"end":{"line":14,"column":3}}]},"4":{"type":"branch","line":11,"loc":{"start":{"line":11,"column":4},"end":{"line":13,"column":5}},"locations":[{"start":{"line":11,"column":4},"end":{"line":13,"column":5}}]}},"b":{"0":[2],"1":[2],"2":[1],"3":[2],"4":[1]},"fnMap":{"0":{"name":"UserNotFound","decl":{"start":{"line":5,"column":4},"end":{"line":7,"column":5}},"loc":{"start":{"line":5,"column":4},"end":{"line":7,"column":5}},"line":5},"1":{"name":"InsufficientFunds","decl":{"start":{"line":11,"column":4},"end":{"line":13,"column":5}},"loc":{"start":{"line":11,"column":4},"end":{"line":13,"column":5}},"line":11}},"f":{"0":1,"1":1}}
,"/home/wilgner/Área de Trabalho/Ignite/NodeJS/Capitulo 4/Desafio 01/ignite-desafio-principal-chapter-4/src/modules/statements/useCases/createStatement/CreateStatementUseCase.ts": {"path":"/home/wilgner/Área de Trabalho/Ignite/NodeJS/Capitulo 4/Desafio 01/ignite-desafio-principal-chapter-4/src/modules/statements/useCases/createStatement/CreateStatementUseCase.ts","all":false,"statementMap":{"0":{"start":{"line":1,"column":0},"end":{"line":1,"column":46}},"1":{"start":{"line":2,"column":0},"end":{"line":2,"column":0}},"2":{"start":{"line":3,"column":0},"end":{"line":3,"column":80}},"3":{"start":{"line":4,"column":0},"end":{"line":4,"column":81}},"4":{"start":{"line":5,"column":0},"end":{"line":5,"column":62}},"5":{"start":{"line":6,"column":0},"end":{"line":6,"column":60}},"6":{"start":{"line":7,"column":0},"end":{"line":7,"column":0}},"7":{"start":{"line":8,"column":0},"end":{"line":8,"column":13}},"8":{"start":{"line":9,"column":0},"end":{"line":9,"column":37}},"9":{"start":{"line":10,"column":0},"end":{"line":10,"column":14}},"10":{"start":{"line":11,"column":0},"end":{"line":11,"column":30}},"11":{"start":{"line":12,"column":0},"end":{"line":12,"column":46}},"12":{"start":{"line":13,"column":0},"end":{"line":13,"column":0}},"13":{"start":{"line":14,"column":0},"end":{"line":14,"column":35}},"14":{"start":{"line":15,"column":0},"end":{"line":15,"column":55}},"15":{"start":{"line":16,"column":0},"end":{"line":16,"column":6}},"16":{"start":{"line":17,"column":0},"end":{"line":17,"column":0}},"17":{"start":{"line":18,"column":0},"end":{"line":18,"column":78}},"18":{"start":{"line":19,"column":0},"end":{"line":19,"column":62}},"19":{"start":{"line":20,"column":0},"end":{"line":20,"column":0}},"20":{"start":{"line":21,"column":0},"end":{"line":21,"column":15}},"21":{"start":{"line":22,"column":0},"end":{"line":22,"column":52}},"22":{"start":{"line":23,"column":0},"end":{"line":23,"column":5}},"23":{"start":{"line":24,"column":0},"end":{"line":24,"column":0}},"24":{"start":{"line":25,"column":0},"end":{"line":25,"column":29}},"25":{"start":{"line":26,"column":0},"end":{"line":26,"column":86}},"26":{"start":{"line":27,"column":0},"end":{"line":27,"column":0}},"27":{"start":{"line":28,"column":0},"end":{"line":28,"column":29}},"28":{"start":{"line":29,"column":0},"end":{"line":29,"column":58}},"29":{"start":{"line":30,"column":0},"end":{"line":30,"column":7}},"30":{"start":{"line":31,"column":0},"end":{"line":31,"column":5}},"31":{"start":{"line":32,"column":0},"end":{"line":32,"column":0}},"32":{"start":{"line":33,"column":0},"end":{"line":33,"column":71}},"33":{"start":{"line":34,"column":0},"end":{"line":34,"column":14}},"34":{"start":{"line":35,"column":0},"end":{"line":35,"column":11}},"35":{"start":{"line":36,"column":0},"end":{"line":36,"column":13}},"36":{"start":{"line":37,"column":0},"end":{"line":37,"column":17}},"37":{"start":{"line":38,"column":0},"end":{"line":38,"column":7}},"38":{"start":{"line":39,"column":0},"end":{"line":39,"column":0}},"39":{"start":{"line":40,"column":0},"end":{"line":40,"column":30}},"40":{"start":{"line":41,"column":0},"end":{"line":41,"column":3}},"41":{"start":{"line":42,"column":0},"end":{"line":42,"column":1}}},"s":{"0":1,"1":1,"2":1,"3":1,"4":1,"5":1,"6":1,"7":1,"8":2,"9":2,"10":7,"11":7,"12":7,"13":7,"14":7,"15":7,"16":2,"17":2,"18":6,"19":6,"20":6,"21":1,"22":1,"23":5,"24":5,"25":2,"26":6,"27":6,"28":6,"29":6,"30":6,"31":6,"32":6,"33":4,"34":4,"35":4,"36":4,"37":4,"38":6,"39":6,"40":6,"41":2},"branchMap":{"0":{"type":"branch","line":9,"loc":{"start":{"line":9,"column":0},"end":{"line":42,"column":1}},"locations":[{"start":{"line":9,"column":0},"end":{"line":42,"column":1}}]},"1":{"type":"branch","line":10,"loc":{"start":{"line":10,"column":2},"end":{"line":16,"column":6}},"locations":[{"start":{"line":10,"column":2},"end":{"line":16,"column":6}}]},"2":{"type":"branch","line":18,"loc":{"start":{"line":18,"column":2},"end":{"line":41,"column":3}},"locations":[{"start":{"line":18,"column":2},"end":{"line":41,"column":3}}]},"3":{"type":"branch","line":19,"loc":{"start":{"line":19,"column":17},"end":{"line":19,"column":62}},"locations":[{"start":{"line":19,"column":17},"end":{"line":19,"column":62}}]},"4":{"type":"branch","line":21,"loc":{"start":{"line":21,"column":14},"end":{"line":23,"column":5}},"locations":[{"start":{"line":21,"column":14},"end":{"line":23,"column":5}}]},"5":{"type":"branch","line":24,"loc":{"start":{"line":24,"column":-1},"end":{"line":25,"column":29}},"locations":[{"start":{"line":24,"column":-1},"end":{"line":25,"column":29}}]},"6":{"type":"branch","line":25,"loc":{"start":{"line":25,"column":7},"end":{"line":26,"column":86}},"locations":[{"start":{"line":25,"column":7},"end":{"line":26,"column":86}}]},"7":{"type":"branch","line":25,"loc":{"start":{"line":25,"column":26},"end":{"line":26,"column":86}},"locations":[{"start":{"line":25,"column":26},"end":{"line":26,"column":86}}]},"8":{"type":"branch","line":33,"loc":{"start":{"line":33,"column":31},"end":{"line":38,"column":7}},"locations":[{"start":{"line":33,"column":31},"end":{"line":38,"column":7}}]}},"b":{"0":[2],"1":[7],"2":[6],"3":[6],"4":[1],"5":[5],"6":[3],"7":[2],"8":[4]},"fnMap":{"0":{"name":"CreateStatementUseCase","decl":{"start":{"line":10,"column":2},"end":{"line":16,"column":6}},"loc":{"start":{"line":10,"column":2},"end":{"line":16,"column":6}},"line":10},"1":{"name":"Object.<anonymous>.CreateStatementUseCase.execute","decl":{"start":{"line":18,"column":2},"end":{"line":41,"column":3}},"loc":{"start":{"line":18,"column":2},"end":{"line":41,"column":3}},"line":18}},"f":{"0":7,"1":6}}
,"/home/wilgner/Área de Trabalho/Ignite/NodeJS/Capitulo 4/Desafio 01/ignite-desafio-principal-chapter-4/src/modules/statements/useCases/getBalance/GetBalanceError.ts": {"path":"/home/wilgner/Área de Trabalho/Ignite/NodeJS/Capitulo 4/Desafio 01/ignite-desafio-principal-chapter-4/src/modules/statements/useCases/getBalance/GetBalanceError.ts","all":false,"statementMap":{"0":{"start":{"line":1,"column":0},"end":{"line":1,"column":62}},"1":{"start":{"line":2,"column":0},"end":{"line":2,"column":0}},"2":{"start":{"line":3,"column":0},"end":{"line":3,"column":47}},"3":{"start":{"line":4,"column":0},"end":{"line":4,"column":17}},"4":{"start":{"line":5,"column":0},"end":{"line":5,"column":33}},"5":{"start":{"line":6,"column":0},"end":{"line":6,"column":3}},"6":{"start":{"line":7,"column":0},"end":{"line":7,"column":1}}},"s":{"0":1,"1":1,"2":1,"3":1,"4":1,"5":1,"6":1},"branchMap":{"0":{"type":"branch","line":3,"loc":{"start":{"line":3,"column":0},"end":{"line":7,"column":1}},"locations":[{"start":{"line":3,"column":0},"end":{"line":7,"column":1}}]},"1":{"type":"branch","line":4,"loc":{"start":{"line":4,"column":2},"end":{"line":6,"column":3}},"locations":[{"start":{"line":4,"column":2},"end":{"line":6,"column":3}}]}},"b":{"0":[1],"1":[1]},"fnMap":{"0":{"name":"GetBalanceError","decl":{"start":{"line":4,"column":2},"end":{"line":6,"column":3}},"loc":{"start":{"line":4,"column":2},"end":{"line":6,"column":3}},"line":4}},"f":{"0":1}}
,"/home/wilgner/Área de Trabalho/Ignite/NodeJS/Capitulo 4/Desafio 01/ignite-desafio-principal-chapter-4/src/modules/statements/useCases/getBalance/GetBalanceUseCase.ts": {"path":"/home/wilgner/Área de Trabalho/Ignite/NodeJS/Capitulo 4/Desafio 01/ignite-desafio-principal-chapter-4/src/modules/statements/useCases/getBalance/GetBalanceUseCase.ts","all":false,"statementMap":{"0":{"start":{"line":1,"column":0},"end":{"line":1,"column":46}},"1":{"start":{"line":2,"column":0},"end":{"line":2,"column":0}},"2":{"start":{"line":3,"column":0},"end":{"line":3,"column":80}},"3":{"start":{"line":4,"column":0},"end":{"line":4,"column":53}},"4":{"start":{"line":5,"column":0},"end":{"line":5,"column":81}},"5":{"start":{"line":6,"column":0},"end":{"line":6,"column":52}},"6":{"start":{"line":7,"column":0},"end":{"line":7,"column":0}},"7":{"start":{"line":8,"column":0},"end":{"line":8,"column":20}},"8":{"start":{"line":9,"column":0},"end":{"line":9,"column":18}},"9":{"start":{"line":10,"column":0},"end":{"line":10,"column":1}},"10":{"start":{"line":11,"column":0},"end":{"line":11,"column":0}},"11":{"start":{"line":12,"column":0},"end":{"line":12,"column":21}},"12":{"start":{"line":13,"column":0},"end":{"line":13,"column":25}},"13":{"start":{"line":14,"column":0},"end":{"line":14,"column":18}},"14":{"start":{"line":15,"column":0},"end":{"line":15,"column":1}},"15":{"start":{"line":16,"column":0},"end":{"line":16,"column":0}},"16":{"start":{"line":17,"column":0},"end":{"line":17,"column":16}},"17":{"start":{"line":18,"column":0},"end":{"line":18,"column":32}},"18":{"start":{"line":19,"column":0},"end":{"line":19,"column":14}},"19":{"start":{"line":20,"column":0},"end":{"line":20,"column":38}},"20":{"start":{"line":21,"column":0},"end":{"line":21,"column":56}},"21":{"start":{"line":22,"column":0},"end":{"line":22,"column":0}},"22":{"start":{"line":23,"column":0},"end":{"line":23,"column":33}},"23":{"start":{"line":24,"column":0},"end":{"line":24,"column":46}},"24":{"start":{"line":25,"column":0},"end":{"line":25,"column":7}},"25":{"start":{"line":26,"column":0},"end":{"line":26,"column":0}},"26":{"start":{"line":27,"column":0},"end":{"line":27,"column":60}},"27":{"start":{"line":28,"column":0},"end":{"line":28,"column":62}},"28":{"start":{"line":29,"column":0},"end":{"line":29,"column":0}},"29":{"start":{"line":30,"column":0},"end":{"line":30,"column":16}},"30":{"start":{"line":31,"column":0},"end":{"line":31,"column":34}},"31":{"start":{"line":32,"column":0},"end":{"line":32,"column":5}},"32":{"start":{"line":33,"column":0},"end":{"line":33,"column":0}},"33":{"start":{"line":34,"column":0},"end":{"line":34,"column":68}},"34":{"start":{"line":35,"column":0},"end":{"line":35,"column":14}},"35":{"start":{"line":36,"column":0},"end":{"line":36,"column":26}},"36":{"start":{"line":37,"column":0},"end":{"line":37,"column":7}},"37":{"start":{"line":38,"column":0},"end":{"line":38,"column":0}},"38":{"start":{"line":39,"column":0},"end":{"line":39,"column":32}},"39":{"start":{"line":40,"column":0},"end":{"line":40,"column":3}},"40":{"start":{"line":41,"column":0},"end":{"line":41,"column":1}}},"s":{"0":1,"1":1,"2":1,"3":1,"4":1,"5":1,"6":1,"7":1,"8":1,"9":1,"10":1,"11":1,"12":1,"13":1,"14":1,"15":1,"16":1,"17":1,"18":1,"19":2,"20":2,"21":2,"22":2,"23":2,"24":2,"25":1,"26":1,"27":2,"28":2,"29":2,"30":1,"31":1,"32":1,"33":1,"34":1,"35":1,"36":1,"37":2,"38":2,"39":2,"40":1},"branchMap":{"0":{"type":"branch","line":18,"loc":{"start":{"line":18,"column":0},"end":{"line":41,"column":1}},"locations":[{"start":{"line":18,"column":0},"end":{"line":41,"column":1}}]},"1":{"type":"branch","line":19,"loc":{"start":{"line":19,"column":2},"end":{"line":25,"column":7}},"locations":[{"start":{"line":19,"column":2},"end":{"line":25,"column":7}}]},"2":{"type":"branch","line":27,"loc":{"start":{"line":27,"column":2},"end":{"line":40,"column":3}},"locations":[{"start":{"line":27,"column":2},"end":{"line":40,"column":3}}]},"3":{"type":"branch","line":28,"loc":{"start":{"line":28,"column":17},"end":{"line":28,"column":62}},"locations":[{"start":{"line":28,"column":17},"end":{"line":28,"column":62}}]},"4":{"type":"branch","line":30,"loc":{"start":{"line":30,"column":15},"end":{"line":37,"column":7}},"locations":[{"start":{"line":30,"column":15},"end":{"line":37,"column":7}}]}},"b":{"0":[1],"1":[2],"2":[2],"3":[2],"4":[1]},"fnMap":{"0":{"name":"GetBalanceUseCase","decl":{"start":{"line":19,"column":2},"end":{"line":25,"column":7}},"loc":{"start":{"line":19,"column":2},"end":{"line":25,"column":7}},"line":19},"1":{"name":"Object.<anonymous>.GetBalanceUseCase.execute","decl":{"start":{"line":27,"column":2},"end":{"line":40,"column":3}},"loc":{"start":{"line":27,"column":2},"end":{"line":40,"column":3}},"line":27}},"f":{"0":2,"1":2}}
,"/home/wilgner/Área de Trabalho/Ignite/NodeJS/Capitulo 4/Desafio 01/ignite-desafio-principal-chapter-4/src/modules/statements/useCases/getStatementOperation/GetStatementOperationError.ts": {"path":"/home/wilgner/Área de Trabalho/Ignite/NodeJS/Capitulo 4/Desafio 01/ignite-desafio-principal-chapter-4/src/modules/statements/useCases/getStatementOperation/GetStatementOperationError.ts","all":false,"statementMap":{"0":{"start":{"line":1,"column":0},"end":{"line":1,"column":62}},"1":{"start":{"line":2,"column":0},"end":{"line":2,"column":0}},"2":{"start":{"line":3,"column":0},"end":{"line":3,"column":45}},"3":{"start":{"line":4,"column":0},"end":{"line":4,"column":46}},"4":{"start":{"line":5,"column":0},"end":{"line":5,"column":19}},"5":{"start":{"line":6,"column":0},"end":{"line":6,"column":35}},"6":{"start":{"line":7,"column":0},"end":{"line":7,"column":5}},"7":{"start":{"line":8,"column":0},"end":{"line":8,"column":3}},"8":{"start":{"line":9,"column":0},"end":{"line":9,"column":0}},"9":{"start":{"line":10,"column":0},"end":{"line":10,"column":51}},"10":{"start":{"line":11,"column":0},"end":{"line":11,"column":19}},"11":{"start":{"line":12,"column":0},"end":{"line":12,"column":40}},"12":{"start":{"line":13,"column":0},"end":{"line":13,"column":5}},"13":{"start":{"line":14,"column":0},"end":{"line":14,"column":3}},"14":{"start":{"line":15,"column":0},"end":{"line":15,"column":1}}},"s":{"0":1,"1":1,"2":1,"3":1,"4":1,"5":1,"6":1,"7":1,"8":1,"9":1,"10":1,"11":1,"12":1,"13":1,"14":1},"branchMap":{"0":{"type":"branch","line":3,"loc":{"start":{"line":3,"column":0},"end":{"line":15,"column":1}},"locations":[{"start":{"line":3,"column":0},"end":{"line":15,"column":1}}]},"1":{"type":"branch","line":4,"loc":{"start":{"line":4,"column":2},"end":{"line":8,"column":3}},"locations":[{"start":{"line":4,"column":2},"end":{"line":8,"column":3}}]},"2":{"type":"branch","line":5,"loc":{"start":{"line":5,"column":4},"end":{"line":7,"column":5}},"locations":[{"start":{"line":5,"column":4},"end":{"line":7,"column":5}}]},"3":{"type":"branch","line":10,"loc":{"start":{"line":10,"column":2},"end":{"line":14,"column":3}},"locations":[{"start":{"line":10,"column":2},"end":{"line":14,"column":3}}]},"4":{"type":"branch","line":11,"loc":{"start":{"line":11,"column":4},"end":{"line":13,"column":5}},"locations":[{"start":{"line":11,"column":4},"end":{"line":13,"column":5}}]}},"b":{"0":[1],"1":[1],"2":[1],"3":[1],"4":[1]},"fnMap":{"0":{"name":"UserNotFound","decl":{"start":{"line":5,"column":4},"end":{"line":7,"column":5}},"loc":{"start":{"line":5,"column":4},"end":{"line":7,"column":5}},"line":5},"1":{"name":"StatementNotFound","decl":{"start":{"line":11,"column":4},"end":{"line":13,"column":5}},"loc":{"start":{"line":11,"column":4},"end":{"line":13,"column":5}},"line":11}},"f":{"0":1,"1":1}}
,"/home/wilgner/Área de Trabalho/Ignite/NodeJS/Capitulo 4/Desafio 01/ignite-desafio-principal-chapter-4/src/modules/statements/useCases/getStatementOperation/GetStatementOperationUseCase.ts": {"path":"/home/wilgner/Área de Trabalho/Ignite/NodeJS/Capitulo 4/Desafio 01/ignite-desafio-principal-chapter-4/src/modules/statements/useCases/getStatementOperation/GetStatementOperationUseCase.ts","all":false,"statementMap":{"0":{"start":{"line":1,"column":0},"end":{"line":1,"column":46}},"1":{"start":{"line":2,"column":0},"end":{"line":2,"column":0}},"2":{"start":{"line":3,"column":0},"end":{"line":3,"column":80}},"3":{"start":{"line":4,"column":0},"end":{"line":4,"column":81}},"4":{"start":{"line":5,"column":0},"end":{"line":5,"column":74}},"5":{"start":{"line":6,"column":0},"end":{"line":6,"column":0}},"6":{"start":{"line":7,"column":0},"end":{"line":7,"column":20}},"7":{"start":{"line":8,"column":0},"end":{"line":8,"column":18}},"8":{"start":{"line":9,"column":0},"end":{"line":9,"column":23}},"9":{"start":{"line":10,"column":0},"end":{"line":10,"column":1}},"10":{"start":{"line":11,"column":0},"end":{"line":11,"column":0}},"11":{"start":{"line":12,"column":0},"end":{"line":12,"column":13}},"12":{"start":{"line":13,"column":0},"end":{"line":13,"column":43}},"13":{"start":{"line":14,"column":0},"end":{"line":14,"column":14}},"14":{"start":{"line":15,"column":0},"end":{"line":15,"column":30}},"15":{"start":{"line":16,"column":0},"end":{"line":16,"column":46}},"16":{"start":{"line":17,"column":0},"end":{"line":17,"column":0}},"17":{"start":{"line":18,"column":0},"end":{"line":18,"column":35}},"18":{"start":{"line":19,"column":0},"end":{"line":19,"column":55}},"19":{"start":{"line":20,"column":0},"end":{"line":20,"column":6}},"20":{"start":{"line":21,"column":0},"end":{"line":21,"column":0}},"21":{"start":{"line":22,"column":0},"end":{"line":22,"column":54}},"22":{"start":{"line":23,"column":0},"end":{"line":23,"column":62}},"23":{"start":{"line":24,"column":0},"end":{"line":24,"column":0}},"24":{"start":{"line":25,"column":0},"end":{"line":25,"column":15}},"25":{"start":{"line":26,"column":0},"end":{"line":26,"column":58}},"26":{"start":{"line":27,"column":0},"end":{"line":27,"column":5}},"27":{"start":{"line":28,"column":0},"end":{"line":28,"column":0}},"28":{"start":{"line":29,"column":0},"end":{"line":29,"column":62}},"29":{"start":{"line":30,"column":0},"end":{"line":30,"column":57}},"30":{"start":{"line":31,"column":0},"end":{"line":31,"column":0}},"31":{"start":{"line":32,"column":0},"end":{"line":32,"column":31}},"32":{"start":{"line":33,"column":0},"end":{"line":33,"column":65}},"33":{"start":{"line":34,"column":0},"end":{"line":34,"column":7}},"34":{"start":{"line":35,"column":0},"end":{"line":35,"column":0}},"35":{"start":{"line":36,"column":0},"end":{"line":36,"column":32}},"36":{"start":{"line":37,"column":0},"end":{"line":37,"column":3}},"37":{"start":{"line":38,"column":0},"end":{"line":38,"column":1}}},"s":{"0":1,"1":1,"2":1,"3":1,"4":1,"5":1,"6":1,"7":1,"8":1,"9":1,"10":1,"11":1,"12":1,"13":1,"14":3,"15":3,"16":3,"17":3,"18":3,"19":3,"20":1,"21":1,"22":3,"23":3,"24":3,"25":1,"26":1,"27":2,"28":2,"29":2,"30":3,"31":3,"32":1,"33":1,"34":1,"35":1,"36":3,"37":1},"branchMap":{"0":{"type":"branch","line":13,"loc":{"start":{"line":13,"column":0},"end":{"line":38,"column":1}},"locations":[{"start":{"line":13,"column":0},"end":{"line":38,"column":1}}]},"1":{"type":"branch","line":14,"loc":{"start":{"line":14,"column":2},"end":{"line":20,"column":6}},"locations":[{"start":{"line":14,"column":2},"end":{"line":20,"column":6}}]},"2":{"type":"branch","line":22,"loc":{"start":{"line":22,"column":2},"end":{"line":37,"column":3}},"locations":[{"start":{"line":22,"column":2},"end":{"line":37,"column":3}}]},"3":{"type":"branch","line":23,"loc":{"start":{"line":23,"column":17},"end":{"line":23,"column":62}},"locations":[{"start":{"line":23,"column":17},"end":{"line":23,"column":62}}]},"4":{"type":"branch","line":25,"loc":{"start":{"line":25,"column":14},"end":{"line":27,"column":5}},"locations":[{"start":{"line":25,"column":14},"end":{"line":27,"column":5}}]},"5":{"type":"branch","line":28,"loc":{"start":{"line":28,"column":-1},"end":{"line":30,"column":57}},"locations":[{"start":{"line":28,"column":-1},"end":{"line":30,"column":57}}]},"6":{"type":"branch","line":32,"loc":{"start":{"line":32,"column":30},"end":{"line":36,"column":32}},"locations":[{"start":{"line":32,"column":30},"end":{"line":36,"column":32}}]}},"b":{"0":[1],"1":[3],"2":[3],"3":[3],"4":[1],"5":[2],"6":[1]},"fnMap":{"0":{"name":"GetStatementOperationUseCase","decl":{"start":{"line":14,"column":2},"end":{"line":20,"column":6}},"loc":{"start":{"line":14,"column":2},"end":{"line":20,"column":6}},"line":14},"1":{"name":"Object.<anonymous>.GetStatementOperationUseCase.execute","decl":{"start":{"line":22,"column":2},"end":{"line":37,"column":3}},"loc":{"start":{"line":22,"column":2},"end":{"line":37,"column":3}},"line":22}},"f":{"0":3,"1":3}}
,"/home/wilgner/Área de Trabalho/Ignite/NodeJS/Capitulo 4/Desafio 01/ignite-desafio-principal-chapter-4/src/modules/users/entities/User.ts": {"path":"/home/wilgner/Área de Trabalho/Ignite/NodeJS/Capitulo 4/Desafio 01/ignite-desafio-principal-chapter-4/src/modules/users/entities/User.ts","all":false,"statementMap":{"0":{"start":{"line":1,"column":0},"end":{"line":1,"column":8}},"1":{"start":{"line":2,"column":0},"end":{"line":2,"column":9}},"2":{"start":{"line":3,"column":0},"end":{"line":3,"column":19}},"3":{"start":{"line":4,"column":0},"end":{"line":4,"column":9}},"4":{"start":{"line":5,"column":0},"end":{"line":5,"column":12}},"5":{"start":{"line":6,"column":0},"end":{"line":6,"column":24}},"6":{"start":{"line":7,"column":0},"end":{"line":7,"column":17}},"7":{"start":{"line":8,"column":0},"end":{"line":8,"column":34}},"8":{"start":{"line":9,"column":0},"end":{"line":9,"column":0}},"9":{"start":{"line":10,"column":0},"end":{"line":10,"column":64}},"10":{"start":{"line":11,"column":0},"end":{"line":11,"column":0}},"11":{"start":{"line":12,"column":0},"end":{"line":12,"column":16}},"12":{"start":{"line":13,"column":0},"end":{"line":13,"column":19}},"13":{"start":{"line":14,"column":0},"end":{"line":14,"column":33}},"14":{"start":{"line":15,"column":0},"end":{"line":15,"column":14}},"15":{"start":{"line":16,"column":0},"end":{"line":16,"column":0}},"16":{"start":{"line":17,"column":0},"end":{"line":17,"column":11}},"17":{"start":{"line":18,"column":0},"end":{"line":18,"column":15}},"18":{"start":{"line":19,"column":0},"end":{"line":19,"column":0}},"19":{"start":{"line":20,"column":0},"end":{"line":20,"column":11}},"20":{"start":{"line":21,"column":0},"end":{"line":21,"column":16}},"21":{"start":{"line":22,"column":0},"end":{"line":22,"column":0}},"22":{"start":{"line":23,"column":0},"end":{"line":23,"column":11}},"23":{"start":{"line":24,"column":0},"end":{"line":24,"column":19}},"24":{"start":{"line":25,"column":0},"end":{"line":25,"column":0}},"25":{"start":{"line":26,"column":0},"end":{"line":26,"column":58}},"26":{"start":{"line":27,"column":0},"end":{"line":27,"column":25}},"27":{"start":{"line":28,"column":0},"end":{"line":28,"column":0}},"28":{"start":{"line":29,"column":0},"end":{"line":29,"column":21}},"29":{"start":{"line":30,"column":0},"end":{"line":30,"column":19}},"30":{"start":{"line":31,"column":0},"end":{"line":31,"column":0}},"31":{"start":{"line":32,"column":0},"end":{"line":32,"column":21}},"32":{"start":{"line":33,"column":0},"end":{"line":33,"column":19}},"33":{"start":{"line":34,"column":0},"end":{"line":34,"column":0}},"34":{"start":{"line":35,"column":0},"end":{"line":35,"column":17}},"35":{"start":{"line":36,"column":0},"end":{"line":36,"column":18}},"36":{"start":{"line":37,"column":0},"end":{"line":37,"column":23}},"37":{"start":{"line":38,"column":0},"end":{"line":38,"column":5}},"38":{"start":{"line":39,"column":0},"end":{"line":39,"column":3}},"39":{"start":{"line":40,"column":0},"end":{"line":40,"column":1}}},"s":{"0":1,"1":1,"2":1,"3":1,"4":1,"5":1,"6":1,"7":1,"8":1,"9":1,"10":1,"11":1,"12":3,"13":3,"14":3,"15":3,"16":3,"17":3,"18":3,"19":3,"20":3,"21":3,"22":3,"23":3,"24":3,"25":3,"26":3,"27":3,"28":3,"29":3,"30":3,"31":3,"32":3,"33":3,"34":3,"35":6,"36":6,"37":6,"38":6,"39":3},"branchMap":{"0":{"type":"branch","line":13,"loc":{"start":{"line":13,"column":0},"end":{"line":40,"column":1}},"locations":[{"start":{"line":13,"column":0},"end":{"line":40,"column":1}}]},"1":{"type":"branch","line":35,"loc":{"start":{"line":35,"column":2},"end":{"line":39,"column":3}},"locations":[{"start":{"line":35,"column":2},"end":{"line":39,"column":3}}]}},"b":{"0":[3],"1":[6]},"fnMap":{"0":{"name":"User","decl":{"start":{"line":35,"column":2},"end":{"line":39,"column":3}},"loc":{"start":{"line":35,"column":2},"end":{"line":39,"column":3}},"line":35}},"f":{"0":6}}
,"/home/wilgner/Área de Trabalho/Ignite/NodeJS/Capitulo 4/Desafio 01/ignite-desafio-principal-chapter-4/src/modules/users/repositories/in-memory/InMemoryUsersRepository.ts": {"path":"/home/wilgner/Área de Trabalho/Ignite/NodeJS/Capitulo 4/Desafio 01/ignite-desafio-principal-chapter-4/src/modules/users/repositories/in-memory/InMemoryUsersRepository.ts","all":false,"statementMap":{"0":{"start":{"line":1,"column":0},"end":{"line":1,"column":43}},"1":{"start":{"line":2,"column":0},"end":{"line":2,"column":0}},"2":{"start":{"line":3,"column":0},"end":{"line":3,"column":74}},"3":{"start":{"line":4,"column":0},"end":{"line":4,"column":55}},"4":{"start":{"line":5,"column":0},"end":{"line":5,"column":0}},"5":{"start":{"line":6,"column":0},"end":{"line":6,"column":66}},"6":{"start":{"line":7,"column":0},"end":{"line":7,"column":29}},"7":{"start":{"line":8,"column":0},"end":{"line":8,"column":0}},"8":{"start":{"line":9,"column":0},"end":{"line":9,"column":63}},"9":{"start":{"line":10,"column":0},"end":{"line":10,"column":57}},"10":{"start":{"line":11,"column":0},"end":{"line":11,"column":3}},"11":{"start":{"line":12,"column":0},"end":{"line":12,"column":0}},"12":{"start":{"line":13,"column":0},"end":{"line":13,"column":62}},"13":{"start":{"line":14,"column":0},"end":{"line":14,"column":56}},"14":{"start":{"line":15,"column":0},"end":{"line":15,"column":3}},"15":{"start":{"line":16,"column":0},"end":{"line":16,"column":0}},"16":{"start":{"line":17,"column":0},"end":{"line":17,"column":53}},"17":{"start":{"line":18,"column":0},"end":{"line":18,"column":28}},"18":{"start":{"line":19,"column":0},"end":{"line":19,"column":30}},"19":{"start":{"line":20,"column":0},"end":{"line":20,"column":26}},"20":{"start":{"line":21,"column":0},"end":{"line":21,"column":16}},"21":{"start":{"line":22,"column":0},"end":{"line":22,"column":3}},"22":{"start":{"line":23,"column":0},"end":{"line":23,"column":1}}},"s":{"0":1,"1":1,"2":1,"3":1,"4":1,"5":9,"6":9,"7":9,"8":9,"9":0,"10":0,"11":9,"12":9,"13":11,"14":11,"15":9,"16":9,"17":6,"18":6,"19":6,"20":6,"21":6,"22":9},"branchMap":{"0":{"type":"branch","line":6,"loc":{"start":{"line":6,"column":0},"end":{"line":23,"column":1}},"locations":[{"start":{"line":6,"column":0},"end":{"line":23,"column":1}}]},"1":{"type":"branch","line":6,"loc":{"start":{"line":6,"column":0},"end":{"line":23,"column":1}},"locations":[{"start":{"line":6,"column":0},"end":{"line":23,"column":1}}]},"2":{"type":"branch","line":13,"loc":{"start":{"line":13,"column":2},"end":{"line":15,"column":3}},"locations":[{"start":{"line":13,"column":2},"end":{"line":15,"column":3}}]},"3":{"type":"branch","line":14,"loc":{"start":{"line":14,"column":27},"end":{"line":14,"column":39}},"locations":[{"start":{"line":14,"column":27},"end":{"line":14,"column":39}}]},"4":{"type":"branch","line":17,"loc":{"start":{"line":17,"column":2},"end":{"line":22,"column":3}},"locations":[{"start":{"line":17,"column":2},"end":{"line":22,"column":3}}]}},"b":{"0":[3],"1":[9],"2":[11],"3":[8],"4":[6]},"fnMap":{"0":{"name":"InMemoryUsersRepository","decl":{"start":{"line":6,"column":0},"end":{"line":23,"column":1}},"loc":{"start":{"line":6,"column":0},"end":{"line":23,"column":1}},"line":6},"1":{"name":"Object.<anonymous>.InMemoryUsersRepository.findByEmail","decl":{"start":{"line":9,"column":2},"end":{"line":11,"column":3}},"loc":{"start":{"line":9,"column":2},"end":{"line":11,"column":3}},"line":9},"2":{"name":"Object.<anonymous>.InMemoryUsersRepository.findById","decl":{"start":{"line":13,"column":2},"end":{"line":15,"column":3}},"loc":{"start":{"line":13,"column":2},"end":{"line":15,"column":3}},"line":13},"3":{"name":"Object.<anonymous>.InMemoryUsersRepository.create","decl":{"start":{"line":17,"column":2},"end":{"line":22,"column":3}},"loc":{"start":{"line":17,"column":2},"end":{"line":22,"column":3}},"line":17}},"f":{"0":9,"1":0,"2":11,"3":6}}
,"/home/wilgner/Área de Trabalho/Ignite/NodeJS/Capitulo 4/Desafio 01/ignite-desafio-principal-chapter-4/src/shared/errors/AppError.ts": {"path":"/home/wilgner/Área de Trabalho/Ignite/NodeJS/Capitulo 4/Desafio 01/ignite-desafio-principal-chapter-4/src/shared/errors/AppError.ts","all":false,"statementMap":{"0":{"start":{"line":1,"column":0},"end":{"line":1,"column":23}},"1":{"start":{"line":2,"column":0},"end":{"line":2,"column":27}},"2":{"start":{"line":3,"column":0},"end":{"line":3,"column":0}},"3":{"start":{"line":4,"column":0},"end":{"line":4,"column":30}},"4":{"start":{"line":5,"column":0},"end":{"line":5,"column":0}},"5":{"start":{"line":6,"column":0},"end":{"line":6,"column":50}},"6":{"start":{"line":7,"column":0},"end":{"line":7,"column":27}},"7":{"start":{"line":8,"column":0},"end":{"line":8,"column":33}},"8":{"start":{"line":9,"column":0},"end":{"line":9,"column":3}},"9":{"start":{"line":10,"column":0},"end":{"line":10,"column":1}}},"s":{"0":3,"1":3,"2":3,"3":3,"4":3,"5":3,"6":5,"7":5,"8":5,"9":3},"branchMap":{"0":{"type":"branch","line":1,"loc":{"start":{"line":1,"column":0},"end":{"line":10,"column":1}},"locations":[{"start":{"line":1,"column":0},"end":{"line":10,"column":1}}]},"1":{"type":"branch","line":6,"loc":{"start":{"line":6,"column":2},"end":{"line":9,"column":3}},"locations":[{"start":{"line":6,"column":2},"end":{"line":9,"column":3}}]},"2":{"type":"branch","line":6,"loc":{"start":{"line":6,"column":31},"end":{"line":6,"column":50}},"locations":[{"start":{"line":6,"column":31},"end":{"line":6,"column":50}}]}},"b":{"0":[3],"1":[5],"2":[0]},"fnMap":{"0":{"name":"AppError","decl":{"start":{"line":6,"column":2},"end":{"line":9,"column":3}},"loc":{"start":{"line":6,"column":2},"end":{"line":9,"column":3}},"line":6}},"f":{"0":5}}
}
